Build started 7/3/2019 8:31:20 PM.
     1>Project "C:\Users\ProBook\documents\visual studio 2010\Projects\C++ work\calculator\calculator.vcxproj" on node 2 (build target(s)).
     1>InitializeBuildStatus:
         Creating "Debug\calculator.unsuccessfulbuild" because "AlwaysCreate" was specified.
       ClCompile:
         C:\Program Files (x86)\Microsoft Visual Studio 10.0\VC\bin\CL.exe /c /ZI /nologo /W3 /WX- /Od /Oy- /D _MBCS /Gm /EHsc /RTC1 /MDd /GS /fp:precise /Zc:wchar_t /Zc:forScope /Fo"Debug\\" /Fd"Debug\vc100.pdb" /Gd /TP /analyze- /errorReport:prompt cal1.cpp
         cal1.cpp
     1>c:\users\probook\documents\visual studio 2010\projects\c++ work\calculator\cal1.cpp(35): warning C4996: 'getch': The POSIX name for this item is deprecated. Instead, use the ISO C++ conformant name: _getch. See online help for details.
                 c:\program files (x86)\microsoft visual studio 10.0\vc\include\conio.h(128) : see declaration of 'getch'
       Link:
         C:\Program Files (x86)\Microsoft Visual Studio 10.0\VC\bin\link.exe /ERRORREPORT:PROMPT /OUT:"C:\Users\ProBook\documents\visual studio 2010\Projects\C++ work\Debug\calculator.exe" /NOLOGO kernel32.lib user32.lib gdi32.lib winspool.lib comdlg32.lib advapi32.lib shell32.lib ole32.lib oleaut32.lib uuid.lib odbc32.lib odbccp32.lib /MANIFEST /ManifestFile:"Debug\calculator.exe.intermediate.manifest" /MANIFESTUAC:"level='asInvoker' uiAccess='false'" /DEBUG /PDB:"C:\Users\ProBook\documents\visual studio 2010\Projects\C++ work\Debug\calculator.pdb" /TLBID:1 /DYNAMICBASE /NXCOMPAT /IMPLIB:"C:\Users\ProBook\documents\visual studio 2010\Projects\C++ work\Debug\calculator.lib" /MACHINE:X86 Debug\cal1.obj
         Debug\wor.obj
         LINK : C:\Users\ProBook\documents\visual studio 2010\Projects\C++ work\Debug\calculator.exe not found or not built by the last incremental link; performing full link
         calculator.vcxproj -> C:\Users\ProBook\documents\visual studio 2010\Projects\C++ work\Debug\calculator.exe
       Manifest:
         C:\Program Files (x86)\Microsoft SDKs\Windows\v7.0A\bin\mt.exe /nologo /verbose /outputresource:"C:\Users\ProBook\documents\visual studio 2010\Projects\C++ work\Debug\calculator.exe;#1" /manifest Debug\calculator.exe.intermediate.manifest
       FinalizeBuildStatus:
         Deleting file "Debug\calculator.unsuccessfulbuild".
         Touching "Debug\calculator.lastbuildstate".
     1>Done Building Project "C:\Users\ProBook\documents\visual studio 2010\Projects\C++ work\calculator\calculator.vcxproj" (build target(s)).

Build succeeded.

Time Elapsed 00:00:01.46
